
                 *********************************************
                 *                                           *
                 *             A I M - S p i c e             *
                 *                                           *
                 *         Professional Version 2020.100           *
                 *                                           *
                 *********************************************

	Date: Tue Oct 15 11:24:07 2024
	Circuit File: C:\Users\admin\OneDrive\Documents\DoubleAltRectifier.cir
	Analysis: Transient

**************************  Circuit Description  **************************

     1:  Double alternating rectifier
     2:  D1 a b DiodaSi
     3:  R b 0 100
     4:  D2 0 a DiodaSi
     5:  D3 0 c DiodaSi
     6:  D4 c b DiodaSi
     7:  .Model DiodaSi D tt = 1e-9
     8:  Vin a c sin(0 10 1k 0 0)
     9:  
    10:  
    11:  
    12:  .tran 1e-9 6e-3 0 0.00001

***************************  Model Parameters  ****************************


***************  Device Parameters (Only for .op analysis)  ***************



**************************  Analysis Parameters  **************************

	Stepsize ............ : 1e-9
	Final time .......... : 6e-3
	Display start time .. : 0
	Maximum step size ... : 0.00001
	Use Initial Conditions: Off



**************  Options (Only those different from default)  **************



*************************  Simulation Statistics  *************************

	Total number of iterations.....................: 1801
	Number of iterations for transient analysis....: 1794
	Total number of timepoints.....................: 697
	Number of timepoints accepted..................: 663
	Number of timepoints rejected..................: 34
	Total analysis time (sec)......................: 0.088
	Transient analysis time (sec)..................: 0.084
	Time spent in device loading (sec).............: 0.002
	Time spent in L-U decomposition (sec)..........: 0.001
	Time spent in matrix reordering (sec)..........: 0
	Time spent in matrix solving (sec).............: 0.001
	Time spent in transient L-U decomposition (sec): 0.001
	Time spent in transient matrix solving (sec)...: 0.001

***************************  Kernel Messages  *****************************

Circuit: Double alternating rectifier

Warning: vin: no DC value, transient time 0 value used
Warning: vin: no DC value, transient time 0 value used

